C:\TEMP\PHILOSOPHERS12\PHILOSOPHERS12\DEBUG\MAIN.OBJ
C:\TEMP\PHILOSOPHERS12\PHILOSOPHERS12\DEBUG\VC110.PDB
C:\TEMP\PHILOSOPHERS12\DEBUG\PHILOSOPHERS12.ILK
C:\TEMP\PHILOSOPHERS12\DEBUG\PHILOSOPHERS12.EXE
C:\TEMP\PHILOSOPHERS12\DEBUG\PHILOSOPHERS12.PDB
C:\temp\philosophers12\philosophers12\Debug\cl.command.1.tlog
C:\temp\philosophers12\philosophers12\Debug\CL.read.1.tlog
C:\temp\philosophers12\philosophers12\Debug\CL.write.1.tlog
C:\temp\philosophers12\philosophers12\Debug\link-cvtres.read.1.tlog
C:\temp\philosophers12\philosophers12\Debug\link-cvtres.write.1.tlog
C:\temp\philosophers12\philosophers12\Debug\link-rc.read.1.tlog
C:\temp\philosophers12\philosophers12\Debug\link-rc.write.1.tlog
C:\temp\philosophers12\philosophers12\Debug\link.command.1.tlog
C:\temp\philosophers12\philosophers12\Debug\link.read.1.tlog
C:\temp\philosophers12\philosophers12\Debug\link.write.1.tlog
C:\temp\philosophers12\philosophers12\Debug\vc110.idb
C:\temp\philosophers12\philosophers12\Debug\vc110.pdb
C:\temp\philosophers12\Debug\philosophers12.pdb
C:\temp\philosophers12\Debug\philosophers12.exe
C:\temp\philosophers12\Debug\philosophers12.ilk
